<?xml version="1.0" encoding="UTF-8"?>
<testsuite xmlns:xsi="http://www.w3.org/2001/XMLSchema-instance" xsi:noNamespaceSchemaLocation="https://maven.apache.org/surefire/maven-surefire-plugin/xsd/surefire-test-report.xsd" name="com.optiktv.com.AppTest" time="33.28" tests="1" errors="0" skipped="0" failures="0">
  <properties>
[...]
</properties>
  <testcase name="User launch the app as guest view mode and finds  method that supports different rating" classname="User is able to find 18A rating movie from OnDemand list by visiting guest mode" time="30.999"/>
</testsuite>